{
"src\\app\\app.component.ts":{"path":"src\\app\\app.component.ts","statementMap":{"1":{"start":{"line":1,"column":0},"end":{"line":1,"column":49}},"2":{"start":{"line":8,"column":0},"end":{"line":16,"column":0}},"3":{"start":{"line":13,"column":9},"end":{"line":15,"column":3}},"4":{"start":{"line":14,"column":4},"end":{"line":14,"column":37}},"5":{"start":{"line":8,"column":13},"end":{"line":16,"column":1}},"6":{"start":{"line":16,"column":0},"end":{"line":16,"column":1}},"7":{"start":{"line":8,"column":13},"end":{"line":8,"column":25}}},"fnMap":{"1":{"name":"(anonymous_0)","line":8,"loc":{"start":{"line":8,"column":0},"end":{"line":8,"column":-1}}},"2":{"name":"AppComponent","line":10,"loc":{"start":{"line":10,"column":2},"end":{"line":11,"column":3}}},"3":{"name":"(anonymous_2)","line":13,"loc":{"start":{"line":13,"column":2},"end":{"line":15,"column":3}}}},"branchMap":{},"s":{"1":1,"2":1,"3":1,"4":2,"5":1,"6":1,"7":1},"b":{},"f":{"1":1,"2":1,"3":2},"l":{"1":1,"8":1,"13":1,"14":2,"16":1}},
"src\\app\\directives\\hoverfocus.directive.ts":{"path":"src\\app\\directives\\hoverfocus.directive.ts","statementMap":{"1":{"start":{"line":1,"column":0},"end":{"line":1,"column":68}},"2":{"start":{"line":6,"column":0},"end":{"line":16,"column":0}},"3":{"start":{"line":9,"column":29},"end":{"line":11,"column":3}},"4":{"start":{"line":10,"column":4},"end":{"line":10,"column":34}},"5":{"start":{"line":13,"column":28},"end":{"line":15,"column":3}},"6":{"start":{"line":14,"column":4},"end":{"line":14,"column":37}},"7":{"start":{"line":7,"column":41},"end":{"line":7,"column":65}},"8":{"start":{"line":6,"column":13},"end":{"line":16,"column":1}},"9":{"start":{"line":16,"column":0},"end":{"line":16,"column":1}},"10":{"start":{"line":6,"column":13},"end":{"line":6,"column":32}}},"fnMap":{"1":{"name":"(anonymous_0)","line":6,"loc":{"start":{"line":6,"column":0},"end":{"line":6,"column":-1}}},"2":{"name":"HoverFocusDirective","line":6,"loc":{"start":{"line":6,"column":0},"end":{"line":16,"column":1}}},"3":{"name":"(anonymous_2)","line":9,"loc":{"start":{"line":9,"column":29},"end":{"line":11,"column":3}}},"4":{"name":"(anonymous_3)","line":13,"loc":{"start":{"line":13,"column":28},"end":{"line":15,"column":3}}}},"branchMap":{},"s":{"1":1,"2":1,"3":2,"4":1,"5":2,"6":1,"7":1,"8":1,"9":1,"10":1},"b":{},"f":{"1":1,"2":1,"3":1,"4":1},"l":{"1":1,"6":1,"7":1,"9":2,"10":1,"13":2,"14":1,"16":1}},
"src\\app\\pipes\\default.pipe.ts":{"path":"src\\app\\pipes\\default.pipe.ts","statementMap":{"1":{"start":{"line":1,"column":0},"end":{"line":1,"column":51}},"2":{"start":{"line":6,"column":0},"end":{"line":22,"column":0}},"3":{"start":{"line":7,"column":2},"end":{"line":21,"column":3}},"4":{"start":{"line":8,"column":16},"end":{"line":8,"column":18}},"5":{"start":{"line":9,"column":4},"end":{"line":13,"column":5}},"6":{"start":{"line":10,"column":6},"end":{"line":10,"column":20}},"7":{"start":{"line":12,"column":6},"end":{"line":12,"column":23}},"8":{"start":{"line":15,"column":4},"end":{"line":19,"column":5}},"9":{"start":{"line":16,"column":6},"end":{"line":18,"column":7}},"10":{"start":{"line":17,"column":8},"end":{"line":17,"column":47}},"11":{"start":{"line":20,"column":4},"end":{"line":20,"column":17}},"12":{"start":{"line":6,"column":13},"end":{"line":22,"column":1}},"13":{"start":{"line":22,"column":0},"end":{"line":22,"column":1}},"14":{"start":{"line":6,"column":13},"end":{"line":6,"column":24}}},"fnMap":{"1":{"name":"(anonymous_0)","line":6,"loc":{"start":{"line":6,"column":0},"end":{"line":6,"column":-1}}},"2":{"name":"DefaultPipe","line":6,"loc":{"start":{"line":6,"column":0},"end":{"line":22,"column":1}}},"3":{"name":"(anonymous_2)","line":7,"loc":{"start":{"line":7,"column":64},"end":{"line":21,"column":3}}}},"branchMap":{"1":{"line":9,"type":"if","locations":[{"start":{"line":9,"column":4},"end":{"line":13,"column":5}},{"start":{"line":9,"column":4},"end":{"line":13,"column":5}}]},"2":{"line":15,"type":"if","locations":[{"start":{"line":15,"column":4},"end":{"line":19,"column":5}},{"start":{"line":15,"column":4},"end":{"line":19,"column":5}}]},"3":{"line":16,"type":"if","locations":[{"start":{"line":16,"column":6},"end":{"line":18,"column":7}},{"start":{"line":16,"column":6},"end":{"line":18,"column":7}}]}},"s":{"1":1,"2":1,"3":1,"4":1,"5":1,"6":0,"7":1,"8":1,"9":0,"10":0,"11":1,"12":1,"13":1,"14":1},"b":{"1":[0,1],"2":[0,1],"3":[0,0]},"f":{"1":1,"2":1,"3":1},"l":{"1":1,"6":1,"7":1,"8":1,"9":1,"10":0,"12":1,"15":1,"16":0,"17":0,"20":1,"22":1}},
"src\\app\\services\\auth.service.ts":{"path":"src\\app\\services\\auth.service.ts","statementMap":{"1":{"start":{"line":2,"column":0},"end":{"line":2,"column":42}},"2":{"start":{"line":5,"column":0},"end":{"line":21,"column":0}},"3":{"start":{"line":6,"column":9},"end":{"line":12,"column":3}},"4":{"start":{"line":7,"column":4},"end":{"line":11,"column":5}},"5":{"start":{"line":8,"column":6},"end":{"line":8,"column":18}},"6":{"start":{"line":10,"column":6},"end":{"line":10,"column":19}},"7":{"start":{"line":14,"column":9},"end":{"line":20,"column":3}},"8":{"start":{"line":15,"column":4},"end":{"line":19,"column":5}},"9":{"start":{"line":16,"column":6},"end":{"line":16,"column":37}},"10":{"start":{"line":18,"column":6},"end":{"line":18,"column":38}},"11":{"start":{"line":5,"column":13},"end":{"line":21,"column":1}},"12":{"start":{"line":21,"column":0},"end":{"line":21,"column":1}},"13":{"start":{"line":5,"column":13},"end":{"line":5,"column":24}}},"fnMap":{"1":{"name":"(anonymous_0)","line":5,"loc":{"start":{"line":5,"column":0},"end":{"line":5,"column":-1}}},"2":{"name":"AuthService","line":5,"loc":{"start":{"line":5,"column":0},"end":{"line":21,"column":1}}},"3":{"name":"(anonymous_2)","line":6,"loc":{"start":{"line":6,"column":2},"end":{"line":12,"column":3}}},"4":{"name":"(anonymous_3)","line":14,"loc":{"start":{"line":14,"column":2},"end":{"line":20,"column":3}}}},"branchMap":{"1":{"line":7,"type":"if","locations":[{"start":{"line":7,"column":4},"end":{"line":11,"column":5}},{"start":{"line":7,"column":4},"end":{"line":11,"column":5}}]},"2":{"line":15,"type":"if","locations":[{"start":{"line":15,"column":4},"end":{"line":19,"column":5}},{"start":{"line":15,"column":4},"end":{"line":19,"column":5}}]}},"s":{"1":1,"2":1,"3":1,"4":4,"5":2,"6":2,"7":1,"8":3,"9":0,"10":3,"11":1,"12":1,"13":1},"b":{"1":[2,2],"2":[0,3]},"f":{"1":1,"2":7,"3":4,"4":3},"l":{"2":1,"5":1,"6":1,"7":4,"8":2,"10":2,"14":1,"15":3,"16":0,"18":3,"21":1}},
"src\\app\\views\\login\\login.component.ts":{"path":"src\\app\\views\\login\\login.component.ts","statementMap":{"1":{"start":{"line":1,"column":0},"end":{"line":1,"column":78}},"2":{"start":{"line":2,"column":0},"end":{"line":2,"column":57}},"3":{"start":{"line":3,"column":0},"end":{"line":3,"column":67}},"4":{"start":{"line":8,"column":0},"end":{"line":11,"column":0}},"5":{"start":{"line":9,"column":21},"end":{"line":9,"column":34}},"6":{"start":{"line":9,"column":43},"end":{"line":9,"column":59}},"7":{"start":{"line":11,"column":0},"end":{"line":11,"column":1}},"8":{"start":{"line":8,"column":13},"end":{"line":8,"column":17}},"9":{"start":{"line":18,"column":0},"end":{"line":69,"column":0}},"10":{"start":{"line":26,"column":22},"end":{"line":26,"column":46}},"11":{"start":{"line":26,"column":56},"end":{"line":26,"column":71}},"12":{"start":{"line":21,"column":19},"end":{"line":21,"column":55}},"13":{"start":{"line":22,"column":18},"end":{"line":22,"column":33}},"14":{"start":{"line":24,"column":9},"end":{"line":24,"column":39}},"15":{"start":{"line":29,"column":2},"end":{"line":43,"column":3}},"16":{"start":{"line":29,"column":2},"end":{"line":43,"column":2}},"17":{"start":{"line":30,"column":4},"end":{"line":32,"column":7}},"18":{"start":{"line":31,"column":6},"end":{"line":31,"column":42}},"19":{"start":{"line":34,"column":4},"end":{"line":42,"column":7}},"20":{"start":{"line":45,"column":9},"end":{"line":48,"column":3}},"21":{"start":{"line":46,"column":4},"end":{"line":46,"column":24}},"22":{"start":{"line":47,"column":4},"end":{"line":47,"column":47}},"23":{"start":{"line":50,"column":9},"end":{"line":68,"column":3}},"24":{"start":{"line":52,"column":4},"end":{"line":55,"column":5}},"25":{"start":{"line":53,"column":6},"end":{"line":53,"column":30}},"26":{"start":{"line":54,"column":6},"end":{"line":54,"column":52}},"27":{"start":{"line":57,"column":4},"end":{"line":67,"column":5}},"28":{"start":{"line":58,"column":6},"end":{"line":58,"column":27}},"29":{"start":{"line":59,"column":6},"end":{"line":64,"column":8}},"30":{"start":{"line":66,"column":6},"end":{"line":66,"column":29}},"31":{"start":{"line":21,"column":12},"end":{"line":21,"column":55}},"32":{"start":{"line":22,"column":11},"end":{"line":22,"column":33}},"33":{"start":{"line":18,"column":13},"end":{"line":69,"column":1}},"34":{"start":{"line":69,"column":0},"end":{"line":69,"column":1}},"35":{"start":{"line":18,"column":13},"end":{"line":18,"column":27}}},"fnMap":{"1":{"name":"(anonymous_0)","line":8,"loc":{"start":{"line":8,"column":0},"end":{"line":8,"column":-1}}},"2":{"name":"User","line":9,"loc":{"start":{"line":9,"column":59},"end":{"line":10,"column":3}}},"3":{"name":"(anonymous_2)","line":18,"loc":{"start":{"line":18,"column":0},"end":{"line":18,"column":-1}}},"4":{"name":"LoginComponent","line":26,"loc":{"start":{"line":26,"column":71},"end":{"line":27,"column":3}}},"5":{"name":"(anonymous_4)","line":29,"loc":{"start":{"line":29,"column":2},"end":{"line":43,"column":3}}},"6":{"name":"(anonymous_5)","line":30,"loc":{"start":{"line":30,"column":63},"end":{"line":32,"column":5}}},"7":{"name":"(anonymous_6)","line":45,"loc":{"start":{"line":45,"column":2},"end":{"line":48,"column":3}}},"8":{"name":"(anonymous_7)","line":50,"loc":{"start":{"line":50,"column":30},"end":{"line":68,"column":3}}}},"branchMap":{"1":{"line":52,"type":"if","locations":[{"start":{"line":52,"column":4},"end":{"line":55,"column":5}},{"start":{"line":52,"column":4},"end":{"line":55,"column":5}}]},"2":{"line":52,"type":"binary-expr","locations":[{"start":{"line":52,"column":8},"end":{"line":52,"column":13}},{"start":{"line":52,"column":17},"end":{"line":52,"column":25}}]},"3":{"line":57,"type":"if","locations":[{"start":{"line":57,"column":4},"end":{"line":67,"column":5}},{"start":{"line":57,"column":4},"end":{"line":67,"column":5}}]}},"s":{"1":1,"2":1,"3":1,"4":1,"5":2,"6":2,"7":1,"8":1,"9":1,"10":5,"11":5,"12":5,"13":5,"14":5,"15":1,"16":3,"17":3,"18":3,"19":3,"20":1,"21":2,"22":2,"23":1,"24":1,"25":1,"26":1,"27":1,"28":1,"29":1,"30":0,"31":1,"32":1,"33":1,"34":1,"35":1},"b":{"1":[1,0],"2":[1,1],"3":[1,0]},"f":{"1":1,"2":2,"3":1,"4":5,"5":3,"6":3,"7":2,"8":1},"l":{"1":1,"2":1,"3":1,"8":1,"9":2,"11":1,"18":1,"21":5,"22":5,"24":5,"26":5,"29":3,"30":3,"31":3,"34":3,"45":1,"46":2,"47":2,"50":1,"52":1,"53":1,"54":1,"57":1,"58":1,"59":1,"66":0,"69":1}},
"src\\app\\views\\layout.routes.ts":{"path":"src\\app\\views\\layout.routes.ts","statementMap":{"1":{"start":{"line":2,"column":0},"end":{"line":2,"column":52}},"2":{"start":{"line":3,"column":0},"end":{"line":3,"column":56}},"3":{"start":{"line":5,"column":13},"end":{"line":5,"column":33}},"4":{"start":{"line":7,"column":13},"end":{"line":14,"column":2}}},"fnMap":{},"branchMap":{},"s":{"1":1,"2":1,"3":1,"4":1},"b":{},"f":{},"l":{"2":1,"3":1,"5":1,"7":1}},
"src\\app\\views\\layout.component.ts":{"path":"src\\app\\views\\layout.component.ts","statementMap":{"1":{"start":{"line":1,"column":0},"end":{"line":4,"column":22}},"2":{"start":{"line":11,"column":0},"end":{"line":18,"column":0}},"3":{"start":{"line":14,"column":9},"end":{"line":16,"column":3}},"4":{"start":{"line":11,"column":13},"end":{"line":18,"column":1}},"5":{"start":{"line":18,"column":0},"end":{"line":18,"column":1}},"6":{"start":{"line":11,"column":13},"end":{"line":11,"column":28}}},"fnMap":{"1":{"name":"(anonymous_0)","line":11,"loc":{"start":{"line":11,"column":0},"end":{"line":11,"column":-1}}},"2":{"name":"LayoutComponent","line":12,"loc":{"start":{"line":12,"column":2},"end":{"line":12,"column":18}}},"3":{"name":"(anonymous_2)","line":14,"loc":{"start":{"line":14,"column":2},"end":{"line":16,"column":3}}}},"branchMap":{},"s":{"1":1,"2":1,"3":1,"4":1,"5":1,"6":1},"b":{},"f":{"1":1,"2":2,"3":0},"l":{"1":1,"11":1,"14":1,"18":1}}}
