{
"src\\app\\app.component.ts":{"path":"src\\app\\app.component.ts","statementMap":{"1":{"start":{"line":1,"column":0},"end":{"line":1,"column":49}},"2":{"start":{"line":8,"column":0},"end":{"line":16,"column":0}},"3":{"start":{"line":13,"column":9},"end":{"line":15,"column":3}},"4":{"start":{"line":14,"column":4},"end":{"line":14,"column":37}},"5":{"start":{"line":8,"column":13},"end":{"line":16,"column":1}},"6":{"start":{"line":16,"column":0},"end":{"line":16,"column":1}},"7":{"start":{"line":8,"column":13},"end":{"line":8,"column":25}}},"fnMap":{"1":{"name":"(anonymous_0)","line":8,"loc":{"start":{"line":8,"column":0},"end":{"line":8,"column":-1}}},"2":{"name":"AppComponent","line":10,"loc":{"start":{"line":10,"column":2},"end":{"line":11,"column":3}}},"3":{"name":"(anonymous_2)","line":13,"loc":{"start":{"line":13,"column":2},"end":{"line":15,"column":3}}}},"branchMap":{},"s":{"1":1,"2":1,"3":1,"4":2,"5":1,"6":1,"7":1},"b":{},"f":{"1":1,"2":1,"3":2},"l":{"1":1,"8":1,"13":1,"14":2,"16":1}},
"src\\app\\pipes\\default.pipe.ts":{"path":"src\\app\\pipes\\default.pipe.ts","statementMap":{"1":{"start":{"line":1,"column":0},"end":{"line":1,"column":51}},"2":{"start":{"line":6,"column":0},"end":{"line":22,"column":0}},"3":{"start":{"line":7,"column":2},"end":{"line":21,"column":3}},"4":{"start":{"line":8,"column":16},"end":{"line":8,"column":18}},"5":{"start":{"line":9,"column":4},"end":{"line":13,"column":5}},"6":{"start":{"line":10,"column":6},"end":{"line":10,"column":20}},"7":{"start":{"line":12,"column":6},"end":{"line":12,"column":23}},"8":{"start":{"line":15,"column":4},"end":{"line":19,"column":5}},"9":{"start":{"line":16,"column":6},"end":{"line":18,"column":7}},"10":{"start":{"line":17,"column":8},"end":{"line":17,"column":47}},"11":{"start":{"line":20,"column":4},"end":{"line":20,"column":17}},"12":{"start":{"line":6,"column":13},"end":{"line":22,"column":1}},"13":{"start":{"line":22,"column":0},"end":{"line":22,"column":1}},"14":{"start":{"line":6,"column":13},"end":{"line":6,"column":24}}},"fnMap":{"1":{"name":"(anonymous_0)","line":6,"loc":{"start":{"line":6,"column":0},"end":{"line":6,"column":-1}}},"2":{"name":"DefaultPipe","line":6,"loc":{"start":{"line":6,"column":0},"end":{"line":22,"column":1}}},"3":{"name":"(anonymous_2)","line":7,"loc":{"start":{"line":7,"column":64},"end":{"line":21,"column":3}}}},"branchMap":{"1":{"line":9,"type":"if","locations":[{"start":{"line":9,"column":4},"end":{"line":13,"column":5}},{"start":{"line":9,"column":4},"end":{"line":13,"column":5}}]},"2":{"line":15,"type":"if","locations":[{"start":{"line":15,"column":4},"end":{"line":19,"column":5}},{"start":{"line":15,"column":4},"end":{"line":19,"column":5}}]},"3":{"line":16,"type":"if","locations":[{"start":{"line":16,"column":6},"end":{"line":18,"column":7}},{"start":{"line":16,"column":6},"end":{"line":18,"column":7}}]}},"s":{"1":1,"2":1,"3":1,"4":1,"5":1,"6":0,"7":1,"8":1,"9":0,"10":0,"11":1,"12":1,"13":1,"14":1},"b":{"1":[0,1],"2":[0,1],"3":[0,0]},"f":{"1":1,"2":1,"3":1},"l":{"1":1,"6":1,"7":1,"8":1,"9":1,"10":0,"12":1,"15":1,"16":0,"17":0,"20":1,"22":1}},
"src\\app\\services\\auth.service.ts":{"path":"src\\app\\services\\auth.service.ts","statementMap":{"1":{"start":{"line":2,"column":0},"end":{"line":2,"column":42}},"2":{"start":{"line":5,"column":0},"end":{"line":21,"column":0}},"3":{"start":{"line":6,"column":9},"end":{"line":12,"column":3}},"4":{"start":{"line":7,"column":4},"end":{"line":11,"column":5}},"5":{"start":{"line":8,"column":6},"end":{"line":8,"column":18}},"6":{"start":{"line":10,"column":6},"end":{"line":10,"column":19}},"7":{"start":{"line":14,"column":9},"end":{"line":20,"column":3}},"8":{"start":{"line":15,"column":4},"end":{"line":19,"column":5}},"9":{"start":{"line":16,"column":6},"end":{"line":16,"column":37}},"10":{"start":{"line":18,"column":6},"end":{"line":18,"column":38}},"11":{"start":{"line":5,"column":13},"end":{"line":21,"column":1}},"12":{"start":{"line":21,"column":0},"end":{"line":21,"column":1}},"13":{"start":{"line":5,"column":13},"end":{"line":5,"column":24}}},"fnMap":{"1":{"name":"(anonymous_0)","line":5,"loc":{"start":{"line":5,"column":0},"end":{"line":5,"column":-1}}},"2":{"name":"AuthService","line":5,"loc":{"start":{"line":5,"column":0},"end":{"line":21,"column":1}}},"3":{"name":"(anonymous_2)","line":6,"loc":{"start":{"line":6,"column":2},"end":{"line":12,"column":3}}},"4":{"name":"(anonymous_3)","line":14,"loc":{"start":{"line":14,"column":2},"end":{"line":20,"column":3}}}},"branchMap":{"1":{"line":7,"type":"if","locations":[{"start":{"line":7,"column":4},"end":{"line":11,"column":5}},{"start":{"line":7,"column":4},"end":{"line":11,"column":5}}]},"2":{"line":15,"type":"if","locations":[{"start":{"line":15,"column":4},"end":{"line":19,"column":5}},{"start":{"line":15,"column":4},"end":{"line":19,"column":5}}]}},"s":{"1":1,"2":1,"3":1,"4":4,"5":2,"6":2,"7":1,"8":3,"9":0,"10":3,"11":1,"12":1,"13":1},"b":{"1":[2,2],"2":[0,3]},"f":{"1":1,"2":15,"3":4,"4":3},"l":{"2":1,"5":1,"6":1,"7":4,"8":2,"10":2,"14":1,"15":3,"16":0,"18":3,"21":1}},
"src\\app\\views\\login\\login.component.ts":{"path":"src\\app\\views\\login\\login.component.ts","statementMap":{"1":{"start":{"line":1,"column":0},"end":{"line":1,"column":49}},"2":{"start":{"line":2,"column":0},"end":{"line":2,"column":57}},"3":{"start":{"line":9,"column":0},"end":{"line":25,"column":0}},"4":{"start":{"line":12,"column":22},"end":{"line":12,"column":46}},"5":{"start":{"line":10,"column":9},"end":{"line":10,"column":39}},"6":{"start":{"line":15,"column":2},"end":{"line":19,"column":3}},"7":{"start":{"line":15,"column":2},"end":{"line":19,"column":2}},"8":{"start":{"line":16,"column":4},"end":{"line":18,"column":7}},"9":{"start":{"line":17,"column":6},"end":{"line":17,"column":42}},"10":{"start":{"line":21,"column":2},"end":{"line":24,"column":3}},"11":{"start":{"line":22,"column":4},"end":{"line":22,"column":24}},"12":{"start":{"line":23,"column":4},"end":{"line":23,"column":47}},"13":{"start":{"line":9,"column":13},"end":{"line":25,"column":1}},"14":{"start":{"line":25,"column":0},"end":{"line":25,"column":1}},"15":{"start":{"line":9,"column":13},"end":{"line":9,"column":27}}},"fnMap":{"1":{"name":"(anonymous_0)","line":9,"loc":{"start":{"line":9,"column":0},"end":{"line":9,"column":-1}}},"2":{"name":"LoginComponent","line":12,"loc":{"start":{"line":12,"column":46},"end":{"line":13,"column":3}}},"3":{"name":"(anonymous_2)","line":15,"loc":{"start":{"line":15,"column":2},"end":{"line":19,"column":3}}},"4":{"name":"(anonymous_3)","line":16,"loc":{"start":{"line":16,"column":63},"end":{"line":18,"column":5}}},"5":{"name":"(anonymous_4)","line":21,"loc":{"start":{"line":21,"column":2},"end":{"line":24,"column":3}}}},"branchMap":{},"s":{"1":1,"2":1,"3":1,"4":11,"5":11,"6":1,"7":6,"8":6,"9":6,"10":1,"11":6,"12":6,"13":1,"14":1,"15":1},"b":{},"f":{"1":1,"2":11,"3":6,"4":6,"5":6},"l":{"1":1,"2":1,"9":1,"10":11,"12":11,"15":6,"16":6,"17":6,"21":1,"22":6,"23":6,"25":1}}}
